1657453940974	geckodriver	INFO	Listening on 127.0.0.1:54691
1657453944070	mozrunner::runner	INFO	Running command: "C:\\Program Files\\Mozilla Firefox\\firefox.exe" "--marionette" "--remote-debugging-port" "54692" "--remote-allow-hosts" "localhost" "-no-remote" "-profile" "C:\\Users\\nlpas\\AppData\\Local\\Temp\\rust_mozprofile7WInqP"
1657453944388	Marionette	INFO	Marionette enabled
1657453944393	Marionette	INFO	Listening on port 54701
WebDriver BiDi listening on ws://localhost:54692
Read port: 54701
1657453944504	RemoteAgent	WARN	TLS certificate errors will be ignored for this session
console.warn: SearchSettings: "get: No settings file exists, new profile?" (new NotFoundError("Could not open the file at C:\\Users\\nlpas\\AppData\\Local\\Temp\\rust_mozprofile7WInqP\\search.json.mozlz4", (void 0)))
DevTools listening on ws://localhost:54692/devtools/browser/8180ac75-f385-4afb-b4c7-a4a85420dfdd
1657453950900	Marionette	INFO	Stopped listening on port 54701
console.warn: TopSitesFeed: Failed to fetch data from Contile server: NetworkError when attempting to fetch resource.
1657454655110	geckodriver	INFO	Listening on 127.0.0.1:55197
1657454658150	mozrunner::runner	INFO	Running command: "C:\\Program Files\\Mozilla Firefox\\firefox.exe" "--marionette" "--remote-debugging-port" "55198" "--remote-allow-hosts" "localhost" "-no-remote" "-profile" "C:\\Users\\nlpas\\AppData\\Local\\Temp\\rust_mozprofileHDpIiI"
1657454658500	Marionette	INFO	Marionette enabled
1657454658504	Marionette	INFO	Listening on port 55207
WebDriver BiDi listening on ws://localhost:55198
Read port: 55207
1657454658680	RemoteAgent	WARN	TLS certificate errors will be ignored for this session
console.warn: SearchSettings: "get: No settings file exists, new profile?" (new NotFoundError("Could not open the file at C:\\Users\\nlpas\\AppData\\Local\\Temp\\rust_mozprofileHDpIiI\\search.json.mozlz4", (void 0)))
DevTools listening on ws://localhost:55198/devtools/browser/e32b300b-ece8-40d8-9660-55f369351247
1657455014469	Marionette	INFO	Stopped listening on port 55207
console.warn: TopSitesFeed: Failed to fetch data from Contile server: NetworkError when attempting to fetch resource.
remote-debugging-port" "55482" "--remote-allow-hosts" "localhost" "-no-remote" "-profile" "C:\\Users\\nlpas\\AppData\\Local\\Temp\\rust_mozprofileKdgxUV"
1657454804191	Marionette	INFO	Marionette enabled
1657454804194	Marionette	INFO	Listening on port 55493
WebDriver BiDi listening on ws://localhost:55482
Read port: 55493
1657454804333	RemoteAgent	WARN	TLS certificate errors will be ignored for this session
console.warn: SearchSettings: "get: No settings file exists, new profile?" (new NotFoundError("Could not open the file at C:\\Users\\nlpas\\AppData\\Local\\Temp\\rust_mozprofileKdgxUV\\search.json.mozlz4", (void 0)))
DevTools listening on ws://localhost:55482/devtools/browser/38e03f1e-18f7-4085-991b-fd77698e4f24
1657454814087	Marionette	INFO	Stopped listening on port 55493
console.warn: TopSitesFeed: Failed to fetch data from Contile server: NetworkError when attempting to fetch resource.
1657454855019	geckodriver	INFO	Listening on 127.0.0.1:55740
1657454858073	mozrunner::runner	INFO	Running command: "C:\\Program Files\\Mozilla Firefox\\firefox.exe" "--marionette" "--remote-debugging-port" "55741" "--remote-allow-hosts" "localhost" "-no-remote" "-profile" "C:\\Users\\nlpas\\AppData\\Local\\Temp\\rust_mozprofileax6yNu"
1657454858402	Marionette	INFO	Marionette enabled
1657454858405	Marionette	INFO	Listening on port 55751
WebDriver BiDi listening on ws://localhost:55741
Read port: 55751
1657454858623	RemoteAgent	WARN	TLS certificate errors will be ignored for this session
console.warn: SearchSettings: "get: No settings file exists, new profile?" (new NotFoundError("Could not open the file at C:\\Users\\nlpas\\AppData\\Local\\Temp\\rust_mozprofileax6yNu\\search.json.mozlz4", (void 0)))
DevTools listening on ws://localhost:55741/devtools/browser/01bf87ff-433d-4bae-a64d-4e2e236ef87d
1657454861008	Marionette	INFO	Stopped listening on port 55751
1657455191507	geckodriver	INFO	Listening on 127.0.0.1:56208
1657455194538	mozrunner::runner	INFO	Running command: "C:\\Program Files\\Mozilla Firefox\\firefox.exe" "--marionette" "--remote-debugging-port" "56209" "--remote-allow-hosts" "localhost" "-no-remote" "-profile" "C:\\Users\\nlpas\\AppData\\Local\\Temp\\rust_mozprofilevPp9Yn"
1657455194841	Marionette	INFO	Marionette enabled
1657455194844	Marionette	INFO	Listening on port 56218
WebDriver BiDi listening on ws://localhost:56209
Read port: 56218
1657455194947	RemoteAgent	WARN	TLS certificate errors will be ignored for this session
console.warn: SearchSettings: "get: No settings file exists, new profile?" (new NotFoundError("Could not open the file at C:\\Users\\nlpas\\AppData\\Local\\Temp\\rust_mozprofilevPp9Yn\\search.json.mozlz4", (void 0)))
DevTools listening on ws://localhost:56209/devtools/browser/ee772c11-74d7-476f-8feb-641f490db364
1657455197551	Marionette	INFO	Stopped listening on port 56218
JavaScript error: resource://gre/modules/TerminatorTelemetry.jsm, line 71: AbortError: IOUtils: Shutting down and refusing additional I/O tasks
1657455249110	geckodriver	INFO	Listening on 127.0.0.1:56326
1657455252151	mozrunner::runner	INFO	Running command: "C:\\Program Files\\Mozilla Firefox\\firefox.exe" "--marionette" "--remote-debugging-port" "56327" "--remote-allow-hosts" "localhost" "-no-remote" "-profile" "C:\\Users\\nlpas\\AppData\\Local\\Temp\\rust_mozprofilePCdjp5"
1657455252414	Marionette	INFO	Marionette enabled
1657455252419	Marionette	INFO	Listening on port 56341
WebDriver BiDi listening on ws://localhost:56327
Read port: 56341
1657455252605	RemoteAgent	WARN	TLS certificate errors will be ignored for this session
console.warn: SearchSettings: "get: No settings file exists, new profile?" (new NotFoundError("Could not open the file at C:\\Users\\nlpas\\AppData\\Local\\Temp\\rust_mozprofilePCdjp5\\search.json.mozlz4", (void 0)))
DevTools listening on ws://localhost:56327/devtools/browser/98079a83-1e0a-4fbc-ac35-81a43eba465b
1657455255025	Marionette	INFO	Stopped listening on port 56341
JavaScript error: resource://gre/modules/TerminatorTelemetry.jsm, line 71: AbortError: IOUtils: Shutting down and refusing additional I/O tasks
1657455346545	geckodriver	INFO	Listening on 127.0.0.1:56430
1657455349606	mozrunner::runner	INFO	Running command: "C:\\Program Files\\Mozilla Firefox\\firefox.exe" "--marionette" "--remote-debugging-port" "56431" "--remote-allow-hosts" "localhost" "-no-remote" "-profile" "C:\\Users\\nlpas\\AppData\\Local\\Temp\\rust_mozprofileV9bxmi"
1657455349881	Marionette	INFO	Marionette enabled
1657455349884	Marionette	INFO	Listening on port 56441
WebDriver BiDi listening on ws://localhost:56431
Read port: 56441
1657455350066	RemoteAgent	WARN	TLS certificate errors will be ignored for this session
console.warn: SearchSettings: "get: No settings file exists, new profile?" (new NotFoundError("Could not open the file at C:\\Users\\nlpas\\AppData\\Local\\Temp\\rust_mozprofileV9bxmi\\search.json.mozlz4", (void 0)))
DevTools listening on ws://localhost:56431/devtools/browser/34cfe21a-9129-42cf-8a4f-5c5f4f7061e1
1657455352545	Marionette	INFO	Stopped listening on port 56441
JavaScript error: resource://gre/modules/TerminatorTelemetry.jsm, line 71: AbortError: IOUtils: Shutting down and refusing additional I/O tasks
1657455550929	geckodriver	INFO	Listening on 127.0.0.1:56664
1657455553982	mozrunner::runner	INFO	Running command: "C:\\Program Files\\Mozilla Firefox\\firefox.exe" "--marionette" "--remote-debugging-port" "56665" "--remote-allow-hosts" "localhost" "-no-remote" "-profile" "C:\\Users\\nlpas\\AppData\\Local\\Temp\\rust_mozprofilekkMqEM"
1657455554292	Marionette	INFO	Marionette enabled
1657455554296	Marionette	INFO	Listening on port 56674
WebDriver BiDi listening on ws://localhost:56665
Read port: 56674
1657455554404	RemoteAgent	WARN	TLS certificate errors will be ignored for this session
console.warn: SearchSettings: "get: No settings file exists, new profile?" (new NotFoundError("Could not open the file at C:\\Users\\nlpas\\AppData\\Local\\Temp\\rust_mozprofilekkMqEM\\search.json.mozlz4", (void 0)))
DevTools listening on ws://localhost:56665/devtools/browser/185daeaa-be44-4d75-b6d6-1a801b57d3e7
JavaScript warning: https://st1-85.vk.com/dist/web/grip.09bb0cc32f4318f31e0e.js?0a47fc0fa0b4071ed0b901429161712c, line 1: WEBGL_debug_renderer_info is deprecated in Firefox and will be removed. Please use RENDERER.
JavaScript warning: https://st1-85.vk.com/dist/web/grip.09bb0cc32f4318f31e0e.js?0a47fc0fa0b4071ed0b901429161712c, line 1: WEBGL_debug_renderer_info is deprecated in Firefox and will be removed. Please use RENDERER.
1657455557559	Marionette	INFO	Stopped listening on port 56674
1657455611448	geckodriver	INFO	Listening on 127.0.0.1:56751
1657455614509	mozrunner::runner	INFO	Running command: "C:\\Program Files\\Mozilla Firefox\\firefox.exe" "--marionette" "--remote-debugging-port" "56752" "--remote-allow-hosts" "localhost" "-no-remote" "-profile" "C:\\Users\\nlpas\\AppData\\Local\\Temp\\rust_mozprofileKt52o0"
1657455614789	Marionette	INFO	Marionette enabled
1657455614793	Marionette	INFO	Listening on port 56761
WebDriver BiDi listening on ws://localhost:56752
Read port: 56761
1657455614961	RemoteAgent	WARN	TLS certificate errors will be ignored for this session
console.warn: SearchSettings: "get: No settings file exists, new profile?" (new NotFoundError("Could not open the file at C:\\Users\\nlpas\\AppData\\Local\\Temp\\rust_mozprofileKt52o0\\search.json.mozlz4", (void 0)))
DevTools listening on ws://localhost:56752/devtools/browser/8a03356f-823f-4d34-9d00-efd1b22641bd
JavaScript warning: https://st1-85.vk.com/dist/web/grip.09bb0cc32f4318f31e0e.js?0a47fc0fa0b4071ed0b901429161712c, line 1: WEBGL_debug_renderer_info is deprecated in Firefox and will be removed. Please use RENDERER.
JavaScript warning: https://st1-85.vk.com/dist/web/grip.09bb0cc32f4318f31e0e.js?0a47fc0fa0b4071ed0b901429161712c, line 1: WEBGL_debug_renderer_info is deprecated in Firefox and will be removed. Please use RENDERER.
1657455618103	Marionette	INFO	Stopped listening on port 56761
1657455649965	geckodriver	INFO	Listening on 127.0.0.1:56853
1657455653017	mozrunner::runner	INFO	Running command: "C:\\Program Files\\Mozilla Firefox\\firefox.exe" "--marionette" "--remote-debugging-port" "56854" "--remote-allow-hosts" "localhost" "-no-remote" "-profile" "C:\\Users\\nlpas\\AppData\\Local\\Temp\\rust_mozprofilejDp7Gm"
1657455653308	Marionette	INFO	Marionette enabled
1657455653312	Marionette	INFO	Listening on port 56864
WebDriver BiDi listening on ws://localhost:56854
Read port: 56864
1657455653413	RemoteAgent	WARN	TLS certificate errors will be ignored for this session
console.warn: SearchSettings: "get: No settings file exists, new profile?" (new NotFoundError("Could not open the file at C:\\Users\\nlpas\\AppData\\Local\\Temp\\rust_mozprofilejDp7Gm\\search.json.mozlz4", (void 0)))
DevTools listening on ws://localhost:56854/devtools/browser/90375ee1-02ba-4bf7-8222-da37cf4f46e7
JavaScript warning: https://st1-85.vk.com/dist/web/grip.09bb0cc32f4318f31e0e.js?0a47fc0fa0b4071ed0b901429161712c, line 1: WEBGL_debug_renderer_info is deprecated in Firefox and will be removed. Please use RENDERER.
JavaScript warning: https://st1-85.vk.com/dist/web/grip.09bb0cc32f4318f31e0e.js?0a47fc0fa0b4071ed0b901429161712c, line 1: WEBGL_debug_renderer_info is deprecated in Firefox and will be removed. Please use RENDERER.
1657455669314	Marionette	INFO	Stopped listening on port 56864
console.warn: TopSitesFeed: Failed to fetch data from Contile server: NetworkError when attempting to fetch resource.
1657455677506	geckodriver	INFO	Listening on 127.0.0.1:56955
1657455680555	mozrunner::runner	INFO	Running command: "C:\\Program Files\\Mozilla Firefox\\firefox.exe" "--marionette" "--remote-debugging-port" "56956" "--remote-allow-hosts" "localhost" "-no-remote" "-profile" "C:\\Users\\nlpas\\AppData\\Local\\Temp\\rust_mozprofileTzFguU"
1657455680829	Marionette	INFO	Marionette enabled
1657455680833	Marionette	INFO	Listening on port 56965
WebDriver BiDi listening on ws://localhost:56956
Read port: 56965
1657455681026	RemoteAgent	WARN	TLS certificate errors will be ignored for this session
console.warn: SearchSettings: "get: No settings file exists, new profile?" (new NotFoundError("Could not open the file at C:\\Users\\nlpas\\AppData\\Local\\Temp\\rust_mozprofileTzFguU\\search.json.mozlz4", (void 0)))
DevTools listening on ws://localhost:56956/devtools/browser/5a3549f2-d05d-4025-97d3-9d78a118d164
JavaScript warning: https://st1-85.vk.com/dist/web/grip.09bb0cc32f4318f31e0e.js?0a47fc0fa0b4071ed0b901429161712c, line 1: WEBGL_debug_renderer_info is deprecated in Firefox and will be removed. Please use RENDERER.
JavaScript warning: https://st1-85.vk.com/dist/web/grip.09bb0cc32f4318f31e0e.js?0a47fc0fa0b4071ed0b901429161712c, line 1: WEBGL_debug_renderer_info is deprecated in Firefox and will be removed. Please use RENDERER.
1657455684077	Marionette	INFO	Stopped listening on port 56965
1657455727755	geckodriver	INFO	Listening on 127.0.0.1:57039
1657455730818	mozrunner::runner	INFO	Running command: "C:\\Program Files\\Mozilla Firefox\\firefox.exe" "--marionette" "--remote-debugging-port" "57040" "--remote-allow-hosts" "localhost" "-no-remote" "-profile" "C:\\Users\\nlpas\\AppData\\Local\\Temp\\rust_mozprofilel3fQFW"
1657455731095	Marionette	INFO	Marionette enabled
1657455731099	Marionette	INFO	Listening on port 57049
WebDriver BiDi listening on ws://localhost:57040
Read port: 57049
1657455731276	RemoteAgent	WARN	TLS certificate errors will be ignored for this session
console.warn: SearchSettings: "get: No settings file exists, new profile?" (new NotFoundError("Could not open the file at C:\\Users\\nlpas\\AppData\\Local\\Temp\\rust_mozprofilel3fQFW\\search.json.mozlz4", (void 0)))
DevTools listening on ws://localhost:57040/devtools/browser/61c3384d-6466-42a0-8d87-f6cc017ba63e
JavaScript warning: https://st1-85.vk.com/dist/web/grip.09bb0cc32f4318f31e0e.js?0a47fc0fa0b4071ed0b901429161712c, line 1: WEBGL_debug_renderer_info is deprecated in Firefox and will be removed. Please use RENDERER.
JavaScript warning: https://st1-85.vk.com/dist/web/grip.09bb0cc32f4318f31e0e.js?0a47fc0fa0b4071ed0b901429161712c, line 1: WEBGL_debug_renderer_info is deprecated in Firefox and will be removed. Please use RENDERER.
1657455734270	Marionette	INFO	Stopped listening on port 57049
1657455814200	geckodriver	INFO	Listening on 127.0.0.1:57299
1657455817245	mozrunner::runner	INFO	Running command: "C:\\Program Files\\Mozilla Firefox\\firefox.exe" "--marionette" "--remote-debugging-port" "57300" "--remote-allow-hosts" "localhost" "-no-remote" "-profile" "C:\\Users\\nlpas\\AppData\\Local\\Temp\\rust_mozprofileO5BZXd"
1657455817520	Marionette	INFO	Marionette enabled
1657455817523	Marionette	INFO	Listening on port 57309
WebDriver BiDi listening on ws://localhost:57300
Read port: 57309
1657455817699	RemoteAgent	WARN	TLS certificate errors will be ignored for this session
console.warn: SearchSettings: "get: No settings file exists, new profile?" (new NotFoundError("Could not open the file at C:\\Users\\nlpas\\AppData\\Local\\Temp\\rust_mozprofileO5BZXd\\search.json.mozlz4", (void 0)))
DevTools listening on ws://localhost:57300/devtools/browser/2855cbf2-d469-4fcb-a3fe-7a6c47a88df7
1657455822051	Marionette	INFO	Stopped listening on port 57309
JavaScript error: resource://gre/modules/AsyncShutdown.jsm, line 718: Error: Phase "Sqlite.jsm: wait until all connections are closed" is finished, it is too late to register completion condition "protections.sqlite#0: waiting for shutdown"
1657455843237	geckodriver	INFO	Listening on 127.0.0.1:57375
1657455846274	mozrunner::runner	INFO	Running command: "C:\\Program Files\\Mozilla Firefox\\firefox.exe" "--marionette" "--remote-debugging-port" "57376" "--remote-allow-hosts" "localhost" "-no-remote" "-profile" "C:\\Users\\nlpas\\AppData\\Local\\Temp\\rust_mozprofileTRJ8Bg"
1657455846546	Marionette	INFO	Marionette enabled
1657455846551	Marionette	INFO	Listening on port 57385
WebDriver BiDi listening on ws://localhost:57376
Read port: 57385
1657455846725	RemoteAgent	WARN	TLS certificate errors will be ignored for this session
console.warn: SearchSettings: "get: No settings file exists, new profile?" (new NotFoundError("Could not open the file at C:\\Users\\nlpas\\AppData\\Local\\Temp\\rust_mozprofileTRJ8Bg\\search.json.mozlz4", (void 0)))
DevTools listening on ws://localhost:57376/devtools/browser/a9417900-60a0-4822-b797-80cd537e8b31
1657455851050	Marionette	INFO	Stopped listening on port 57385
JavaScript error: resource://gre/modules/Sqlite.jsm, line 1105: Error: Sqlite.jsm has been shutdown. Cannot open connection to: C:\Users\nlpas\AppData\Local\Temp\rust_mozprofileTRJ8Bg\protections.sqlite
1657455899078	geckodriver	INFO	Listening on 127.0.0.1:57467
1657455902116	mozrunner::runner	INFO	Running command: "C:\\Program Files\\Mozilla Firefox\\firefox.exe" "--marionette" "--remote-debugging-port" "57468" "--remote-allow-hosts" "localhost" "-no-remote" "-profile" "C:\\Users\\nlpas\\AppData\\Local\\Temp\\rust_mozprofileacJxaP"
1657455902387	Marionette	INFO	Marionette enabled
1657455902390	Marionette	INFO	Listening on port 57477
WebDriver BiDi listening on ws://localhost:57468
Read port: 57477
1657455902588	RemoteAgent	WARN	TLS certificate errors will be ignored for this session
console.warn: SearchSettings: "get: No settings file exists, new profile?" (new NotFoundError("Could not open the file at C:\\Users\\nlpas\\AppData\\Local\\Temp\\rust_mozprofileacJxaP\\search.json.mozlz4", (void 0)))
DevTools listening on ws://localhost:57468/devtools/browser/f755740c-350c-4100-8025-ab3a00245240
1657455906514	Marionette	INFO	Stopped listening on port 57477
[Parent 21060, IPC I/O Parent] WARNING: file /builds/worker/checkouts/gecko/ipc/chromium/src/base/process_util_win.cc:167
1657455939984	geckodriver	INFO	Listening on 127.0.0.1:57541
1657455943030	mozrunner::runner	INFO	Running command: "C:\\Program Files\\Mozilla Firefox\\firefox.exe" "--marionette" "--remote-debugging-port" "57542" "--remote-allow-hosts" "localhost" "-no-remote" "-profile" "C:\\Users\\nlpas\\AppData\\Local\\Temp\\rust_mozprofileRowKS9"
1657455943298	Marionette	INFO	Marionette enabled
1657455943302	Marionette	INFO	Listening on port 57551
WebDriver BiDi listening on ws://localhost:57542
Read port: 57551
1657455943471	RemoteAgent	WARN	TLS certificate errors will be ignored for this session
console.warn: SearchSettings: "get: No settings file exists, new profile?" (new NotFoundError("Could not open the file at C:\\Users\\nlpas\\AppData\\Local\\Temp\\rust_mozprofileRowKS9\\search.json.mozlz4", (void 0)))
DevTools listening on ws://localhost:57542/devtools/browser/967dc9d6-9f69-4779-bfdb-5a0b3f30ef65
1657455947791	Marionette	INFO	Stopped listening on port 57551
JavaScript error: resource://gre/modules/AsyncShutdown.jsm, line 718: Error: Phase "Sqlite.jsm: wait until all connections are closed" is finished, it is too late to register completion condition "protections.sqlite#0: waiting for shutdown"
1657456072076	geckodriver	INFO	Listening on 127.0.0.1:57652
1657456075127	mozrunner::runner	INFO	Running command: "C:\\Program Files\\Mozilla Firefox\\firefox.exe" "--marionette" "--remote-debugging-port" "57653" "--remote-allow-hosts" "localhost" "-no-remote" "-profile" "C:\\Users\\nlpas\\AppData\\Local\\Temp\\rust_mozprofileJ0yjH4"
1657456075427	Marionette	INFO	Marionette enabled
1657456075430	Marionette	INFO	Listening on port 57663
WebDriver BiDi listening on ws://localhost:57653
Read port: 57663
1657456075531	RemoteAgent	WARN	TLS certificate errors will be ignored for this session
console.warn: SearchSettings: "get: No settings file exists, new profile?" (new NotFoundError("Could not open the file at C:\\Users\\nlpas\\AppData\\Local\\Temp\\rust_mozprofileJ0yjH4\\search.json.mozlz4", (void 0)))
DevTools listening on ws://localhost:57653/devtools/browser/f803a34d-f05a-46bd-be8a-a998707e205f
1657456080766	Marionette	INFO	Stopped listening on port 57663
1657456147081	geckodriver	INFO	Listening on 127.0.0.1:57761
1657456150148	mozrunner::runner	INFO	Running command: "C:\\Program Files\\Mozilla Firefox\\firefox.exe" "--marionette" "--remote-debugging-port" "57762" "--remote-allow-hosts" "localhost" "-no-remote" "-profile" "C:\\Users\\nlpas\\AppData\\Local\\Temp\\rust_mozprofilerzu7pi"
1657456150424	Marionette	INFO	Marionette enabled
1657456150427	Marionette	INFO	Listening on port 57773
WebDriver BiDi listening on ws://localhost:57762
Read port: 57773
1657456150608	RemoteAgent	WARN	TLS certificate errors will be ignored for this session
console.warn: SearchSettings: "get: No settings file exists, new profile?" (new NotFoundError("Could not open the file at C:\\Users\\nlpas\\AppData\\Local\\Temp\\rust_mozprofilerzu7pi\\search.json.mozlz4", (void 0)))
DevTools listening on ws://localhost:57762/devtools/browser/cbf7c5c1-9fc5-46ea-afe4-8c0922a152eb
JavaScript warning: https://src.ebay-us.com/f-6MM8Q3MTsf71Ki?ed70effd065aba5d=Bfs-g2L_gl_yilz3YDT4kgd8CV9mtg14nTLKOq0A-O_OPLmxDwKE639jVsDUsZN1Uh2C2a7kEax8JZ1fW-gcgtH8wP1x7QiLFr-ywlpS8n4DXl-AlsbYgl4FmwPXWiA-alJEwa0Ayz1Yu_8iJjsijkUcLfFIms8rrjYgBQ9j6FdIk_ATxgGTKqTbdZvePceToozcYdGhrczD88DmDmk_2Xw&jb=363926266a7367773d5f696e646775712468716d35556b6c666d75732d303831302e6a7362753544697a65666f70246871603f44617067646d7a273238333832, line 61: WEBGL_debug_renderer_info is deprecated in Firefox and will be removed. Please use RENDERER.
JavaScript warning: https://src.ebay-us.com/f-6MM8Q3MTsf71Ki?ed70effd065aba5d=Bfs-g2L_gl_yilz3YDT4kgd8CV9mtg14nTLKOq0A-O_OPLmxDwKE639jVsDUsZN1Uh2C2a7kEax8JZ1fW-gcgtH8wP1x7QiLFr-ywlpS8n4DXl-AlsbYgl4FmwPXWiA-alJEwa0Ayz1Yu_8iJjsijkUcLfFIms8rrjYgBQ9j6FdIk_ATxgGTKqTbdZvePceToozcYdGhrczD88DmDmk_2Xw&jb=363926266a7367773d5f696e646775712468716d35556b6c666d75732d303831302e6a7362753544697a65666f70246871603f44617067646d7a273238333832, line 61: WEBGL_debug_renderer_info is deprecated in Firefox and will be removed. Please use RENDERER.
1657456168670	Marionette	INFO	Stopped listening on port 57773
console.warn: TopSitesFeed: Failed to fetch data from Contile server: NetworkError when attempting to fetch resource.
1657456221663	geckodriver	INFO	Listening on 127.0.0.1:57917
1657456224722	mozrunner::runner	INFO	Running command: "C:\\Program Files\\Mozilla Firefox\\firefox.exe" "--marionette" "--remote-debugging-port" "57918" "--remote-allow-hosts" "localhost" "-no-remote" "-profile" "C:\\Users\\nlpas\\AppData\\Local\\Temp\\rust_mozprofileUktTJi"
1657456225022	Marionette	INFO	Marionette enabled
1657456225025	Marionette	INFO	Listening on port 57929
WebDriver BiDi listening on ws://localhost:57918
Read port: 57929
1657456225167	RemoteAgent	WARN	TLS certificate errors will be ignored for this session
console.warn: SearchSettings: "get: No settings file exists, new profile?" (new NotFoundError("Could not open the file at C:\\Users\\nlpas\\AppData\\Local\\Temp\\rust_mozprofileUktTJi\\search.json.mozlz4", (void 0)))
DevTools listening on ws://localhost:57918/devtools/browser/d7d00cdd-bf19-433f-8c31-038ac1eeef39
1657456229281	Marionette	INFO	Stopped listening on port 57929
JavaScript error: resource://gre/modules/AsyncShutdown.jsm, line 718: Error: Phase "Sqlite.jsm: wait until all connections are closed" is finished, it is too late to register completion condition "protections.sqlite#0: waiting for shutdown"
1657456675657	geckodriver	INFO	Listening on 127.0.0.1:58255
1657456678700	mozrunner::runner	INFO	Running command: "C:\\Program Files\\Mozilla Firefox\\firefox.exe" "--marionette" "--remote-debugging-port" "58256" "--remote-allow-hosts" "localhost" "-no-remote" "-profile" "C:\\Users\\nlpas\\AppData\\Local\\Temp\\rust_mozprofileH7sQcM"
1657456678993	Marionette	INFO	Marionette enabled
1657456678996	Marionette	INFO	Listening on port 58265
WebDriver BiDi listening on ws://localhost:58256
Read port: 58265
1657456679136	RemoteAgent	WARN	TLS certificate errors will be ignored for this session
console.warn: SearchSettings: "get: No settings file exists, new profile?" (new NotFoundError("Could not open the file at C:\\Users\\nlpas\\AppData\\Local\\Temp\\rust_mozprofileH7sQcM\\search.json.mozlz4", (void 0)))
DevTools listening on ws://localhost:58256/devtools/browser/ef4d33b5-2920-4371-be11-116cb8af248b
1657456683608	Marionette	INFO	Stopped listening on port 58265
[Parent 2820, IPC I/O Parent] WARNING: file /builds/worker/checkouts/gecko/ipc/chromium/src/base/process_util_win.cc:167
1657456748681	geckodriver	INFO	Listening on 127.0.0.1:58361
1657456751714	mozrunner::runner	INFO	Running command: "C:\\Program Files\\Mozilla Firefox\\firefox.exe" "--marionette" "--remote-debugging-port" "58362" "--remote-allow-hosts" "localhost" "-no-remote" "-profile" "C:\\Users\\nlpas\\AppData\\Local\\Temp\\rust_mozprofileKe51Tg"
1657456751991	Marionette	INFO	Marionette enabled
1657456751994	Marionette	INFO	Listening on port 58371
WebDriver BiDi listening on ws://localhost:58362
Read port: 58371
1657456752162	RemoteAgent	WARN	TLS certificate errors will be ignored for this session
console.warn: SearchSettings: "get: No settings file exists, new profile?" (new NotFoundError("Could not open the file at C:\\Users\\nlpas\\AppData\\Local\\Temp\\rust_mozprofileKe51Tg\\search.json.mozlz4", (void 0)))
DevTools listening on ws://localhost:58362/devtools/browser/1bd4cc7e-49fa-439b-8b29-736cf4eed74f
1657456756354	Marionette	INFO	Stopped listening on port 58371
JavaScript error: resource://gre/modules/Sqlite.jsm, line 1105: Error: Sqlite.jsm has been shutdown. Cannot open connection to: C:\Users\nlpas\AppData\Local\Temp\rust_mozprofileKe51Tg\protections.sqlite
1657456989504	geckodriver	INFO	Listening on 127.0.0.1:58622
1657456992551	mozrunner::runner	INFO	Running command: "C:\\Program Files\\Mozilla Firefox\\firefox.exe" "--marionette" "--remote-debugging-port" "58623" "--remote-allow-hosts" "localhost" "-no-remote" "-profile" "C:\\Users\\nlpas\\AppData\\Local\\Temp\\rust_mozprofileZBG1Y5"
1657456992826	Marionette	INFO	Marionette enabled
1657456992829	Marionette	INFO	Listening on port 58633
WebDriver BiDi listening on ws://localhost:58623
Read port: 58633
1657456993045	RemoteAgent	WARN	TLS certificate errors will be ignored for this session
console.warn: SearchSettings: "get: No settings file exists, new profile?" (new NotFoundError("Could not open the file at C:\\Users\\nlpas\\AppData\\Local\\Temp\\rust_mozprofileZBG1Y5\\search.json.mozlz4", (void 0)))
DevTools listening on ws://localhost:58623/devtools/browser/29304943-054a-4dae-972e-b287f6690201
JavaScript warning: https://src.ebay-us.com/8x13VUKuSS41rMva?b049df1f27ca8135=MbrhIIN_rZw9m8cD8JErxJxxvn5CXMIMeFDbcZlUqSg7N1JpqbPFSO58CVWTzhRLYEJPZkEsadhx8nWsD7dWdVqdd0yrEv1IVrmB4vsm9-v5OtiCmozcm6w5G15gbK0lW0EdbwZaTbk4uCVrI9FnsfAyoDoF0XugxiE-gcP8_7VfdXZ4jTDvgNoWFWKhtgITRNr6fQYz-6Dy2BaQ8FlMJ6E&jb=36392424687167753d5f696e646d7f712668736d3d5f6b66666d75732d3a3231302e687160773546697a65666f7a2e6873603d44697a676e6d7a273238393232, line 413: WEBGL_debug_renderer_info is deprecated in Firefox and will be removed. Please use RENDERER.
JavaScript warning: https://src.ebay-us.com/8x13VUKuSS41rMva?b049df1f27ca8135=MbrhIIN_rZw9m8cD8JErxJxxvn5CXMIMeFDbcZlUqSg7N1JpqbPFSO58CVWTzhRLYEJPZkEsadhx8nWsD7dWdVqdd0yrEv1IVrmB4vsm9-v5OtiCmozcm6w5G15gbK0lW0EdbwZaTbk4uCVrI9FnsfAyoDoF0XugxiE-gcP8_7VfdXZ4jTDvgNoWFWKhtgITRNr6fQYz-6Dy2BaQ8FlMJ6E&jb=36392424687167753d5f696e646d7f712668736d3d5f6b66666d75732d3a3231302e687160773546697a65666f7a2e6873603d44697a676e6d7a273238393232, line 413: WEBGL_debug_renderer_info is deprecated in Firefox and will be removed. Please use RENDERER.
1657457014338	Marionette	INFO	Stopped listening on port 58633
console.warn: TopSitesFeed: Failed to fetch data from Contile server: NetworkError when attempting to fetch resource.
1657457149846	geckodriver	INFO	Listening on 127.0.0.1:58808
1657457152885	mozrunner::runner	INFO	Running command: "C:\\Program Files\\Mozilla Firefox\\firefox.exe" "--marionette" "--remote-debugging-port" "58809" "--remote-allow-hosts" "localhost" "-no-remote" "-profile" "C:\\Users\\nlpas\\AppData\\Local\\Temp\\rust_mozprofilemE2D3O"
1657457153165	Marionette	INFO	Marionette enabled
1657457153169	Marionette	INFO	Listening on port 58818
WebDriver BiDi listening on ws://localhost:58809
Read port: 58818
1657457153281	RemoteAgent	WARN	TLS certificate errors will be ignored for this session
console.warn: SearchSettings: "get: No settings file exists, new profile?" (new NotFoundError("Could not open the file at C:\\Users\\nlpas\\AppData\\Local\\Temp\\rust_mozprofilemE2D3O\\search.json.mozlz4", (void 0)))
DevTools listening on ws://localhost:58809/devtools/browser/6875a5e8-e419-409e-831e-c261b1cb6d15
1657457157519	Marionette	INFO	Stopped listening on port 58818
1657457172411	geckodriver	INFO	Listening on 127.0.0.1:58888
1657457175463	mozrunner::runner	INFO	Running command: "C:\\Program Files\\Mozilla Firefox\\firefox.exe" "--marionette" "--remote-debugging-port" "58889" "--remote-allow-hosts" "localhost" "-no-remote" "-profile" "C:\\Users\\nlpas\\AppData\\Local\\Temp\\rust_mozprofile7pDRsa"
1657457175735	Marionette	INFO	Marionette enabled
1657457175739	Marionette	INFO	Listening on port 58898
WebDriver BiDi listening on ws://localhost:58889
Read port: 58898
1657457175914	RemoteAgent	WARN	TLS certificate errors will be ignored for this session
console.warn: SearchSettings: "get: No settings file exists, new profile?" (new NotFoundError("Could not open the file at C:\\Users\\nlpas\\AppData\\Local\\Temp\\rust_mozprofile7pDRsa\\search.json.mozlz4", (void 0)))
DevTools listening on ws://localhost:58889/devtools/browser/348f0021-d50b-4be8-bcb8-783f9a0d7cf2
1657457180084	Marionette	INFO	Stopped listening on port 58898
[Parent 25528, IPC I/O Parent] WARNING: file /builds/worker/checkouts/gecko/ipc/chromium/src/base/process_util_win.cc:167
